<?xml version="1.0" encoding="UTF-8"?>
<!-- Generated by org.testng.reporters.JUnitReportReporter -->
<testsuite hostname="DESKTOP-PL6KDKL" failures="0" tests="2" name="org.nithiTester.DemoTest" time="27.529" errors="0" timestamp="2022-03-02T13:29:30 IST" skipped="0">
  <testcase classname="org.nithiTester.DemoTest" name="flightTEst" time="12.762"/>
  <system-out/>
  <testcase classname="org.nithiTester.DemoTest" name="flightTEst" time="14.767"/>
  <system-out/>
</testsuite> <!-- org.nithiTester.DemoTest -->
